<?xml version="1.0" encoding="UTF-8"?>
<testsuite xmlns:xsi="http://www.w3.org/2001/XMLSchema-instance" xsi:noNamespaceSchemaLocation="https://maven.apache.org/surefire/maven-surefire-plugin/xsd/surefire-test-report.xsd" version="3.0.2" name="uk.gov.ons.fwmt.csvservice.adapter.GatewayActionAdapterTest" time="0.068" tests="2" errors="0" skipped="0" failures="0">
  <properties>
[...]
</properties>
  <testcase name="sendCCSRequestToJobService" classname="uk.gov.ons.fwmt.csvservice.adapter.GatewayActionAdapterTest" time="0.059"/>
  <testcase name="sendCERequestToJobService" classname="uk.gov.ons.fwmt.csvservice.adapter.GatewayActionAdapterTest" time="0.006"/>
</testsuite>